<?xml version="1.0" encoding="UTF-8"?>
<!-- Generated by org.testng.reporters.JUnitXMLReporter -->
<testsuite ignored="6" hostname="LAPTOP-IUJM3SDJ" failures="1" tests="2" name="Default test" time="24.957" errors="0" timestamp="2023-11-16T15:58:11 IST">
  <testcase classname="com.qa.opencart.testcase.LoginPageTest" name="doLoginOperation" time="9.222"/>
  <testcase classname="com.qa.opencart.testcase.LoginPageTest" name="logoutTest" time="4.283">
    <failure type="java.lang.NullPointerException" message="Cannot invoke &amp;quot;com.qa.opencart.pages.LogoutPage.waitForPageLoad(int)&amp;quot; because &amp;quot;this.logoutPg&amp;quot; is null">
      <![CDATA[java.lang.NullPointerException: Cannot invoke "com.qa.opencart.pages.LogoutPage.waitForPageLoad(int)" because "this.logoutPg" is null
at com.qa.opencart.testcase.LoginPageTest.logoutTest(LoginPageTest.java:88)
at java.base/jdk.internal.reflect.DirectMethodHandleAccessor.invoke(DirectMethodHandleAccessor.java:104)
at java.base/java.lang.reflect.Method.invoke(Method.java:578)
at org.testng.internal.invokers.MethodInvocationHelper.invokeMethod(MethodInvocationHelper.java:139)
at org.testng.internal.invokers.TestInvoker.invokeMethod(TestInvoker.java:664)
at org.testng.internal.invokers.TestInvoker.invokeTestMethod(TestInvoker.java:227)
at org.testng.internal.invokers.MethodRunner.runInSequence(MethodRunner.java:50)
at org.testng.internal.invokers.TestInvoker$MethodInvocationAgent.invoke(TestInvoker.java:957)
at org.testng.internal.invokers.TestInvoker.invokeTestMethods(TestInvoker.java:200)
at org.testng.internal.invokers.TestMethodWorker.invokeTestMethods(TestMethodWorker.java:148)
at org.testng.internal.invokers.TestMethodWorker.run(TestMethodWorker.java:128)
at java.base/java.util.ArrayList.forEach(ArrayList.java:1511)
at org.testng.TestRunner.privateRun(TestRunner.java:848)
at org.testng.TestRunner.run(TestRunner.java:621)
at org.testng.SuiteRunner.runTest(SuiteRunner.java:443)
at org.testng.SuiteRunner.runSequentially(SuiteRunner.java:437)
at org.testng.SuiteRunner.privateRun(SuiteRunner.java:397)
at org.testng.SuiteRunner.run(SuiteRunner.java:336)
at org.testng.SuiteRunnerWorker.runSuite(SuiteRunnerWorker.java:52)
at org.testng.SuiteRunnerWorker.run(SuiteRunnerWorker.java:95)
at org.testng.TestNG.runSuitesSequentially(TestNG.java:1280)
at org.testng.TestNG.runSuitesLocally(TestNG.java:1200)
at org.testng.TestNG.runSuites(TestNG.java:1114)
at org.testng.TestNG.run(TestNG.java:1082)
at org.testng.remote.AbstractRemoteTestNG.run(AbstractRemoteTestNG.java:115)
at org.testng.remote.RemoteTestNG.initAndRun(RemoteTestNG.java:251)
at org.testng.remote.RemoteTestNG.main(RemoteTestNG.java:77)
]]>
    </failure>
  </testcase> <!-- logoutTest -->
  <testcase classname="com.qa.opencart.testcase.LoginPageTest" name="verifyLoginPageElementTest" time="0.0">
    <ignored/>
  </testcase> <!-- verifyLoginPageElementTest -->
  <testcase classname="com.qa.opencart.testcase.LoginPageTest" name="navigateToForgetPasswordPageTest" time="0.0">
    <ignored/>
  </testcase> <!-- navigateToForgetPasswordPageTest -->
  <testcase classname="com.qa.opencart.testcase.LoginPageTest" name="verifyLoginUrl" time="0.0">
    <ignored/>
  </testcase> <!-- verifyLoginUrl -->
  <testcase classname="com.qa.opencart.testcase.LoginPageTest" name="emptyCredentialsLoginTest" time="0.0">
    <ignored/>
  </testcase> <!-- emptyCredentialsLoginTest -->
  <testcase classname="com.qa.opencart.testcase.LoginPageTest" name="navigateToRegistrationPageTest" time="0.0">
    <ignored/>
  </testcase> <!-- navigateToRegistrationPageTest -->
  <testcase classname="com.qa.opencart.testcase.LoginPageTest" name="verifyLoginPageTitle" time="0.0">
    <ignored/>
  </testcase> <!-- verifyLoginPageTitle -->
</testsuite> <!-- Default test -->
